AndroidLearningHub/app/build/intermediates/manifest_merge_blame_file/debug/processDebugMainManifest/manifest-merger-blame-debug-report.txt
1<?xml version="1.0" encoding="utf-8"?>
2<manifest xmlns:android="http://schemas.android.com/apk/res/android"
3    package="com.northq.learninghub"
4    android:versionCode="1"
5    android:versionName="1.0" >
6
7    <uses-sdk
8        android:minSdkVersion="24"
9        android:targetSdkVersion="34" />
10
11    <!-- Unit 4: runtime + install-time permissions used across the app -->
12    <uses-permission android:name="android.permission.CAMERA" />
12-->src\main\AndroidManifest.xml:5:5-65
12-->src\main\AndroidManifest.xml:5:22-62
13    <uses-permission android:name="android.permission.READ_MEDIA_IMAGES" />
13-->src\main\AndroidManifest.xml:6:5-76
13-->src\main\AndroidManifest.xml:6:22-73
14    <uses-permission
14-->src\main\AndroidManifest.xml:7:5-107
15        android:name="android.permission.READ_EXTERNAL_STORAGE"
15-->src\main\AndroidManifest.xml:7:22-77
16        android:maxSdkVersion="32" />
16-->src\main\AndroidManifest.xml:7:78-104
17    <uses-permission android:name="android.permission.ACCESS_FINE_LOCATION" />
17-->src\main\AndroidManifest.xml:8:5-79
17-->src\main\AndroidManifest.xml:8:22-76
18    <uses-permission android:name="android.permission.ACCESS_COARSE_LOCATION" />
18-->src\main\AndroidManifest.xml:9:5-81
18-->src\main\AndroidManifest.xml:9:22-78
19    <uses-permission android:name="android.permission.READ_CONTACTS" />
19-->src\main\AndroidManifest.xml:10:5-72
19-->src\main\AndroidManifest.xml:10:22-69
20    <uses-permission android:name="android.permission.INTERNET" />
20-->src\main\AndroidManifest.xml:11:5-67
20-->src\main\AndroidManifest.xml:11:22-64
21    <uses-permission android:name="android.permission.CALL_PHONE" />
21-->src\main\AndroidManifest.xml:12:5-69
21-->src\main\AndroidManifest.xml:12:22-66
22    <uses-permission android:name="android.permission.FOREGROUND_SERVICE" />
22-->src\main\AndroidManifest.xml:13:5-77
22-->src\main\AndroidManifest.xml:13:22-74
23    <uses-permission android:name="android.permission.FOREGROUND_SERVICE_MEDIA_PLAYBACK" />
23-->src\main\AndroidManifest.xml:14:5-92
23-->src\main\AndroidManifest.xml:14:22-89
24    <uses-permission android:name="android.permission.POST_NOTIFICATIONS" />
24-->src\main\AndroidManifest.xml:15:5-77
24-->src\main\AndroidManifest.xml:15:22-74
25
26    <uses-feature
26-->src\main\AndroidManifest.xml:17:5-85
27        android:name="android.hardware.camera"
27-->src\main\AndroidManifest.xml:17:19-57
28        android:required="false" />
28-->src\main\AndroidManifest.xml:17:58-82
29    <!-- Include required permissions for Google Maps API to run. -->
30    <uses-permission android:name="android.permission.ACCESS_NETWORK_STATE" />
30-->[com.google.android.gms:play-services-maps:18.2.0] AndroidManifest.xml:23:5-79
30-->[com.google.android.gms:play-services-maps:18.2.0] AndroidManifest.xml:23:22-76
31
32    <uses-feature
32-->[com.google.android.gms:play-services-maps:18.2.0] AndroidManifest.xml:26:5-28:35
33        android:glEsVersion="0x00020000"
33-->[com.google.android.gms:play-services-maps:18.2.0] AndroidManifest.xml:27:9-41
34        android:required="true" />
34-->[com.google.android.gms:play-services-maps:18.2.0] AndroidManifest.xml:28:9-32
35
36    <queries>
36-->[com.google.android.gms:play-services-maps:18.2.0] AndroidManifest.xml:30:5-34:15
37
38        <!-- Needs to be explicitly declared on Android R+ -->
39        <package android:name="com.google.android.apps.maps" />
39-->[com.google.android.gms:play-services-maps:18.2.0] AndroidManifest.xml:33:9-64
39-->[com.google.android.gms:play-services-maps:18.2.0] AndroidManifest.xml:33:18-61
40    </queries>
41
42    <permission
42-->[androidx.core:core:1.9.0] AndroidManifest.xml:22:5-24:47
43        android:name="com.northq.learninghub.DYNAMIC_RECEIVER_NOT_EXPORTED_PERMISSION"
43-->[androidx.core:core:1.9.0] AndroidManifest.xml:23:9-81
44        android:protectionLevel="signature" />
44-->[androidx.core:core:1.9.0] AndroidManifest.xml:24:9-44
45
46    <uses-permission android:name="com.northq.learninghub.DYNAMIC_RECEIVER_NOT_EXPORTED_PERMISSION" />
46-->[androidx.core:core:1.9.0] AndroidManifest.xml:26:5-97
46-->[androidx.core:core:1.9.0] AndroidManifest.xml:26:22-94
47
48    <application
48-->src\main\AndroidManifest.xml:19:5-73:19
49        android:allowBackup="true"
49-->src\main\AndroidManifest.xml:20:9-35
50        android:appComponentFactory="androidx.core.app.CoreComponentFactory"
50-->[androidx.core:core:1.9.0] AndroidManifest.xml:28:18-86
51        android:debuggable="true"
52        android:extractNativeLibs="false"
53        android:icon="@mipmap/ic_launcher"
53-->src\main\AndroidManifest.xml:21:9-43
54        android:label="@string/app_name"
54-->src\main\AndroidManifest.xml:22:9-41
55        android:testOnly="true"
56        android:theme="@style/Theme.Manifold"
56-->src\main\AndroidManifest.xml:23:9-46
57        android:usesCleartextTraffic="false" >
57-->src\main\AndroidManifest.xml:24:9-45
58
59        <!--
60             Google Maps API key: replace with your own key from Google Cloud Console
61             (Maps SDK for Android must be enabled). See README for steps.
62        -->
63        <meta-data
63-->src\main\AndroidManifest.xml:28:9-30:61
64            android:name="com.google.android.geo.API_KEY"
64-->src\main\AndroidManifest.xml:29:13-58
65            android:value="YOUR_GOOGLE_MAPS_API_KEY_HERE" />
65-->src\main\AndroidManifest.xml:30:13-58
66
67        <provider
68            android:name="androidx.core.content.FileProvider"
68-->src\main\AndroidManifest.xml:33:13-62
69            android:authorities="com.northq.learninghub.fileprovider"
69-->src\main\AndroidManifest.xml:34:13-64
70            android:exported="false"
70-->src\main\AndroidManifest.xml:35:13-37
71            android:grantUriPermissions="true" >
71-->src\main\AndroidManifest.xml:36:13-47
72            <meta-data
72-->src\main\AndroidManifest.xml:37:13-39:54
73                android:name="android.support.FILE_PROVIDER_PATHS"
73-->src\main\AndroidManifest.xml:38:17-67
74                android:resource="@xml/file_paths" />
74-->src\main\AndroidManifest.xml:39:17-51
75        </provider>
76
77        <activity
77-->src\main\AndroidManifest.xml:42:9-47:20
78            android:name="com.northq.learninghub.LoginActivity"
78-->src\main\AndroidManifest.xml:42:19-48
79            android:exported="true" >
79-->src\main\AndroidManifest.xml:42:49-72
80            <intent-filter>
80-->src\main\AndroidManifest.xml:43:13-46:29
81                <action android:name="android.intent.action.MAIN" />
81-->src\main\AndroidManifest.xml:44:17-69
81-->src\main\AndroidManifest.xml:44:25-66
82
83                <category android:name="android.intent.category.LAUNCHER" />
83-->src\main\AndroidManifest.xml:45:17-77
83-->src\main\AndroidManifest.xml:45:27-74
84            </intent-filter>
85        </activity>
86        <activity
86-->src\main\AndroidManifest.xml:49:9-77
87            android:name="com.northq.learninghub.SignUpActivity"
87-->src\main\AndroidManifest.xml:49:19-49
88            android:exported="false" />
88-->src\main\AndroidManifest.xml:49:50-74
89        <activity
89-->src\main\AndroidManifest.xml:50:9-74
90            android:name="com.northq.learninghub.HubActivity"
90-->src\main\AndroidManifest.xml:50:19-46
91            android:exported="false" />
91-->src\main\AndroidManifest.xml:50:47-71
92        <activity
92-->src\main\AndroidManifest.xml:51:9-114
93            android:name="com.northq.learninghub.LifecycleActivity"
93-->src\main\AndroidManifest.xml:51:19-52
94            android:exported="false"
94-->src\main\AndroidManifest.xml:51:53-77
95            android:label="Lifecycle Monitor" />
95-->src\main\AndroidManifest.xml:51:78-111
96        <activity
96-->src\main\AndroidManifest.xml:52:9-117
97            android:name="com.northq.learninghub.DialogShowcaseActivity"
97-->src\main\AndroidManifest.xml:52:19-57
98            android:exported="false"
98-->src\main\AndroidManifest.xml:52:58-82
99            android:label="Dialog Showcase" />
99-->src\main\AndroidManifest.xml:52:83-114
100        <activity
100-->src\main\AndroidManifest.xml:53:9-111
101            android:name="com.northq.learninghub.MediaPickerActivity"
101-->src\main\AndroidManifest.xml:53:19-54
102            android:exported="false"
102-->src\main\AndroidManifest.xml:53:55-79
103            android:label="Media Picker" />
103-->src\main\AndroidManifest.xml:53:80-108
104        <activity
104-->src\main\AndroidManifest.xml:54:9-113
105            android:name="com.northq.learninghub.UiPlaygroundActivity"
105-->src\main\AndroidManifest.xml:54:19-55
106            android:exported="false"
106-->src\main\AndroidManifest.xml:54:56-80
107            android:label="UI Playground" />
107-->src\main\AndroidManifest.xml:54:81-110
108        <activity
108-->src\main\AndroidManifest.xml:55:9-110
109            android:name="com.northq.learninghub.WebViewActivity"
109-->src\main\AndroidManifest.xml:55:19-50
110            android:exported="false"
110-->src\main\AndroidManifest.xml:55:51-75
111            android:label="Help &amp; Docs" />
111-->src\main\AndroidManifest.xml:55:76-107
112        <activity
112-->src\main\AndroidManifest.xml:56:9-113
113            android:name="com.northq.learninghub.QuickActionsActivity"
113-->src\main\AndroidManifest.xml:56:19-55
114            android:exported="false"
114-->src\main\AndroidManifest.xml:56:56-80
115            android:label="Quick Actions" />
115-->src\main\AndroidManifest.xml:56:81-110
116        <activity
116-->src\main\AndroidManifest.xml:57:9-108
117            android:name="com.northq.learninghub.CalculatorActivity"
117-->src\main\AndroidManifest.xml:57:19-53
118            android:exported="false"
118-->src\main\AndroidManifest.xml:57:54-78
119            android:label="Calculator" />
119-->src\main\AndroidManifest.xml:57:79-105
120        <activity
120-->src\main\AndroidManifest.xml:58:9-102
121            android:name="com.northq.learninghub.NotesListActivity"
121-->src\main\AndroidManifest.xml:58:19-52
122            android:exported="false"
122-->src\main\AndroidManifest.xml:58:53-77
123            android:label="Notes" />
123-->src\main\AndroidManifest.xml:58:78-99
124        <activity
124-->src\main\AndroidManifest.xml:59:9-117
125            android:name="com.northq.learninghub.ExpenseTrackerActivity"
125-->src\main\AndroidManifest.xml:59:19-57
126            android:exported="false"
126-->src\main\AndroidManifest.xml:59:58-82
127            android:label="Expense Tracker" />
127-->src\main\AndroidManifest.xml:59:83-114
128        <activity
128-->src\main\AndroidManifest.xml:60:9-104
129            android:name="com.northq.learninghub.SettingsActivity"
129-->src\main\AndroidManifest.xml:60:19-51
130            android:exported="false"
130-->src\main\AndroidManifest.xml:60:52-76
131            android:label="Settings" />
131-->src\main\AndroidManifest.xml:60:77-101
132        <activity
132-->src\main\AndroidManifest.xml:61:9-111
133            android:name="com.northq.learninghub.MediaPlayerActivity"
133-->src\main\AndroidManifest.xml:61:19-54
134            android:exported="false"
134-->src\main\AndroidManifest.xml:61:55-79
135            android:label="Music Player" />
135-->src\main\AndroidManifest.xml:61:80-108
136        <activity
136-->src\main\AndroidManifest.xml:62:9-98
137            android:name="com.northq.learninghub.MapsActivity"
137-->src\main\AndroidManifest.xml:62:19-47
138            android:exported="false"
138-->src\main\AndroidManifest.xml:62:48-72
139            android:label="Nearby" />
139-->src\main\AndroidManifest.xml:62:73-95
140        <activity
140-->src\main\AndroidManifest.xml:63:9-104
141            android:name="com.northq.learninghub.ContactsActivity"
141-->src\main\AndroidManifest.xml:63:19-51
142            android:exported="false"
142-->src\main\AndroidManifest.xml:63:52-76
143            android:label="Contacts" />
143-->src\main\AndroidManifest.xml:63:77-101
144        <activity
144-->src\main\AndroidManifest.xml:64:9-90
145            android:name="com.northq.learninghub.PermissionRationaleActivity"
145-->src\main\AndroidManifest.xml:64:19-62
146            android:exported="false" />
146-->src\main\AndroidManifest.xml:64:63-87
147        <activity
147-->src\main\AndroidManifest.xml:65:9-81
148            android:name="com.northq.learninghub.AddStudentActivity"
148-->src\main\AndroidManifest.xml:65:19-53
149            android:exported="false" />
149-->src\main\AndroidManifest.xml:65:54-78
150
151        <service
151-->src\main\AndroidManifest.xml:67:9-71:61
152            android:name="com.northq.learninghub.MusicService"
152-->src\main\AndroidManifest.xml:68:13-41
153            android:enabled="true"
153-->src\main\AndroidManifest.xml:69:13-35
154            android:exported="false"
154-->src\main\AndroidManifest.xml:70:13-37
155            android:foregroundServiceType="mediaPlayback" />
155-->src\main\AndroidManifest.xml:71:13-58
156
157        <!-- Needs to be explicitly declared on P+ -->
158        <uses-library
158-->[com.google.android.gms:play-services-maps:18.2.0] AndroidManifest.xml:39:9-41:40
159            android:name="org.apache.http.legacy"
159-->[com.google.android.gms:play-services-maps:18.2.0] AndroidManifest.xml:40:13-50
160            android:required="false" />
160-->[com.google.android.gms:play-services-maps:18.2.0] AndroidManifest.xml:41:13-37
161
162        <activity
162-->[com.google.android.gms:play-services-base:18.1.0] AndroidManifest.xml:20:9-22:45
163            android:name="com.google.android.gms.common.api.GoogleApiActivity"
163-->[com.google.android.gms:play-services-base:18.1.0] AndroidManifest.xml:20:19-85
164            android:exported="false"
164-->[com.google.android.gms:play-services-base:18.1.0] AndroidManifest.xml:22:19-43
165            android:theme="@android:style/Theme.Translucent.NoTitleBar" />
165-->[com.google.android.gms:play-services-base:18.1.0] AndroidManifest.xml:21:19-78
166
167        <meta-data
167-->[com.google.android.gms:play-services-basement:18.1.0] AndroidManifest.xml:21:9-23:69
168            android:name="com.google.android.gms.version"
168-->[com.google.android.gms:play-services-basement:18.1.0] AndroidManifest.xml:22:13-58
169            android:value="@integer/google_play_services_version" />
169-->[com.google.android.gms:play-services-basement:18.1.0] AndroidManifest.xml:23:13-66
170
171        <provider
171-->[androidx.emoji2:emoji2:1.2.0] AndroidManifest.xml:24:9-32:20
172            android:name="androidx.startup.InitializationProvider"
172-->[androidx.emoji2:emoji2:1.2.0] AndroidManifest.xml:25:13-67
173            android:authorities="com.northq.learninghub.androidx-startup"
173-->[androidx.emoji2:emoji2:1.2.0] AndroidManifest.xml:26:13-68
174            android:exported="false" >
174-->[androidx.emoji2:emoji2:1.2.0] AndroidManifest.xml:27:13-37
175            <meta-data
175-->[androidx.emoji2:emoji2:1.2.0] AndroidManifest.xml:29:13-31:52
176                android:name="androidx.emoji2.text.EmojiCompatInitializer"
176-->[androidx.emoji2:emoji2:1.2.0] AndroidManifest.xml:30:17-75
177                android:value="androidx.startup" />
177-->[androidx.emoji2:emoji2:1.2.0] AndroidManifest.xml:31:17-49
178            <meta-data
178-->[androidx.lifecycle:lifecycle-process:2.6.1] AndroidManifest.xml:29:13-31:52
179                android:name="androidx.lifecycle.ProcessLifecycleInitializer"
179-->[androidx.lifecycle:lifecycle-process:2.6.1] AndroidManifest.xml:30:17-78
180                android:value="androidx.startup" />
180-->[androidx.lifecycle:lifecycle-process:2.6.1] AndroidManifest.xml:31:17-49
181            <meta-data
181-->[androidx.profileinstaller:profileinstaller:1.3.0] AndroidManifest.xml:29:13-31:52
182                android:name="androidx.profileinstaller.ProfileInstallerInitializer"
182-->[androidx.profileinstaller:profileinstaller:1.3.0] AndroidManifest.xml:30:17-85
183                android:value="androidx.startup" />
183-->[androidx.profileinstaller:profileinstaller:1.3.0] AndroidManifest.xml:31:17-49
184        </provider>
185
186        <receiver
186-->[androidx.profileinstaller:profileinstaller:1.3.0] AndroidManifest.xml:34:9-52:20
187            android:name="androidx.profileinstaller.ProfileInstallReceiver"
187-->[androidx.profileinstaller:profileinstaller:1.3.0] AndroidManifest.xml:35:13-76
188            android:directBootAware="false"
188-->[androidx.profileinstaller:profileinstaller:1.3.0] AndroidManifest.xml:36:13-44
189            android:enabled="true"
189-->[androidx.profileinstaller:profileinstaller:1.3.0] AndroidManifest.xml:37:13-35
190            android:exported="true"
190-->[androidx.profileinstaller:profileinstaller:1.3.0] AndroidManifest.xml:38:13-36
191            android:permission="android.permission.DUMP" >
191-->[androidx.profileinstaller:profileinstaller:1.3.0] AndroidManifest.xml:39:13-57
192            <intent-filter>
192-->[androidx.profileinstaller:profileinstaller:1.3.0] AndroidManifest.xml:40:13-42:29
193                <action android:name="androidx.profileinstaller.action.INSTALL_PROFILE" />
193-->[androidx.profileinstaller:profileinstaller:1.3.0] AndroidManifest.xml:41:17-91
193-->[androidx.profileinstaller:profileinstaller:1.3.0] AndroidManifest.xml:41:25-88
194            </intent-filter>
195            <intent-filter>
195-->[androidx.profileinstaller:profileinstaller:1.3.0] AndroidManifest.xml:43:13-45:29
196                <action android:name="androidx.profileinstaller.action.SKIP_FILE" />
196-->[androidx.profileinstaller:profileinstaller:1.3.0] AndroidManifest.xml:44:17-85
196-->[androidx.profileinstaller:profileinstaller:1.3.0] AndroidManifest.xml:44:25-82
197            </intent-filter>
198            <intent-filter>
198-->[androidx.profileinstaller:profileinstaller:1.3.0] AndroidManifest.xml:46:13-48:29
199                <action android:name="androidx.profileinstaller.action.SAVE_PROFILE" />
199-->[androidx.profileinstaller:profileinstaller:1.3.0] AndroidManifest.xml:47:17-88
199-->[androidx.profileinstaller:profileinstaller:1.3.0] AndroidManifest.xml:47:25-85
200            </intent-filter>
201            <intent-filter>
201-->[androidx.profileinstaller:profileinstaller:1.3.0] AndroidManifest.xml:49:13-51:29
202                <action android:name="androidx.profileinstaller.action.BENCHMARK_OPERATION" />
202-->[androidx.profileinstaller:profileinstaller:1.3.0] AndroidManifest.xml:50:17-95
202-->[androidx.profileinstaller:profileinstaller:1.3.0] AndroidManifest.xml:50:25-92
203            </intent-filter>
204        </receiver>
205    </application>
206
207</manifest>